# JRE version: OpenJDK Runtime Environment (11.0.11+9) (build 11.0.11+9-b60-7590822)
# Java VM: OpenJDK 64-Bit Server VM (11.0.11+9-b60-7590822, mixed mode, tiered, compressed oops, g1 gc, windows-amd64)
Heap:
 garbage-first heap   total 353280K, used 263930K [0x0000000080000000, 0x0000000100000000)
  region size 1024K, 75 young (76800K), 4 survivors (4096K)
 Metaspace       used 120907K, capacity 125415K, committed 125568K, reserved 1157120K
  class space    used 15797K, capacity 17468K, committed 17536K, reserved 1048576K
GC Heap History (20 events):
Event: 138.000 GC heap before
{Heap before GC invocations=22 (full 0):
 garbage-first heap   total 262144K, used 261183K [0x0000000080000000, 0x0000000100000000)
  region size 1024K, 33 young (33792K), 5 survivors (5120K)
 Metaspace       used 99954K, capacity 102199K, committed 102912K, reserved 1138688K
  class space    used 12694K, capacity 13569K, committed 13824K, reserved 1048576K
}
Event: 138.003 GC heap after
{Heap after GC invocations=23 (full 0):
 garbage-first heap   total 269312K, used 109794K [0x0000000080000000, 0x0000000100000000)
  region size 1024K, 7 young (7168K), 7 survivors (7168K)
 Metaspace       used 99954K, capacity 102199K, committed 102912K, reserved 1138688K
  class space    used 12694K, capacity 13569K, committed 13824K, reserved 1048576K
}
Event: 138.568 GC heap before
{Heap before GC invocations=23 (full 0):
 garbage-first heap   total 269312K, used 202978K [0x0000000080000000, 0x0000000100000000)
  region size 1024K, 99 young (101376K), 7 survivors (7168K)
 Metaspace       used 100642K, capacity 102979K, committed 103680K, reserved 1138688K
  class space    used 12706K, capacity 13590K, committed 13824K, reserved 1048576K
}
Event: 138.574 GC heap after
{Heap after GC invocations=24 (full 0):
 garbage-first heap   total 269312K, used 116507K [0x0000000080000000, 0x0000000100000000)
  region size 1024K, 13 young (13312K), 13 survivors (13312K)
 Metaspace       used 100642K, capacity 102979K, committed 103680K, reserved 1138688K
  class space    used 12706K, capacity 13590K, committed 13824K, reserved 1048576K
}
Event: 393.413 GC heap before
{Heap before GC invocations=24 (full 0):
 garbage-first heap   total 269312K, used 207643K [0x0000000080000000, 0x0000000100000000)
  region size 1024K, 103 young (105472K), 13 survivors (13312K)
 Metaspace       used 101270K, capacity 103643K, committed 104192K, reserved 1140736K
  class space    used 12736K, capacity 13639K, committed 13824K, reserved 1048576K
}
Event: 393.421 GC heap after
{Heap after GC invocations=25 (full 0):
 garbage-first heap   total 269312K, used 125279K [0x0000000080000000, 0x0000000100000000)
  region size 1024K, 10 young (10240K), 10 survivors (10240K)
 Metaspace       used 101270K, capacity 103643K, committed 104192K, reserved 1140736K
  class space    used 12736K, capacity 13639K, committed 13824K, reserved 1048576K
}
Event: 659.659 GC heap before
{Heap before GC invocations=25 (full 0):
 garbage-first heap   total 269312K, used 211295K [0x0000000080000000, 0x0000000100000000)
  region size 1024K, 95 young (97280K), 10 survivors (10240K)
 Metaspace       used 101750K, capacity 104209K, committed 104448K, reserved 1140736K
  class space    used 12759K, capacity 13680K, committed 13824K, reserved 1048576K
}
Event: 659.662 GC heap after
{Heap after GC invocations=26 (full 0):
 garbage-first heap   total 269312K, used 125476K [0x0000000080000000, 0x0000000100000000)
  region size 1024K, 9 young (9216K), 9 survivors (9216K)
 Metaspace       used 101750K, capacity 104209K, committed 104448K, reserved 1140736K
  class space    used 12759K, capacity 13680K, committed 13824K, reserved 1048576K
}
Event: 1137.338 GC heap before
{Heap before GC invocations=26 (full 0):
 garbage-first heap   total 269312K, used 211492K [0x0000000080000000, 0x0000000100000000)
  region size 1024K, 94 young (96256K), 9 survivors (9216K)
 Metaspace       used 102078K, capacity 104499K, committed 104704K, reserved 1140736K
  class space    used 12785K, capacity 13726K, committed 13824K, reserved 1048576K
}
Event: 1137.340 GC heap after
{Heap after GC invocations=27 (full 0):
 garbage-first heap   total 269312K, used 121454K [0x0000000080000000, 0x0000000100000000)
  region size 1024K, 4 young (4096K), 4 survivors (4096K)
 Metaspace       used 102078K, capacity 104499K, committed 104704K, reserved 1140736K
  class space    used 12785K, capacity 13726K, committed 13824K, reserved 1048576K
}
Event: 1564.065 GC heap before
{Heap before GC invocations=27 (full 0):
 garbage-first heap   total 269312K, used 213614K [0x0000000080000000, 0x0000000100000000)
  region size 1024K, 95 young (97280K), 4 survivors (4096K)
 Metaspace       used 102336K, capacity 104804K, committed 104960K, reserved 1140736K
  class space    used 12791K, capacity 13737K, committed 13824K, reserved 1048576K
}
Event: 1564.066 GC heap after
{Heap after GC invocations=28 (full 0):
 garbage-first heap   total 269312K, used 119464K [0x0000000080000000, 0x0000000100000000)
  region size 1024K, 2 young (2048K), 2 survivors (2048K)
 Metaspace       used 102336K, capacity 104804K, committed 104960K, reserved 1140736K
  class space    used 12791K, capacity 13737K, committed 13824K, reserved 1048576K
}
Event: 1666.379 GC heap before
{Heap before GC invocations=28 (full 0):
 garbage-first heap   total 269312K, used 216744K [0x0000000080000000, 0x0000000100000000)
  region size 1024K, 98 young (100352K), 2 survivors (2048K)
 Metaspace       used 103052K, capacity 105563K, committed 105856K, reserved 1140736K
  class space    used 12871K, capacity 13858K, committed 13952K, reserved 1048576K
}
Event: 1666.383 GC heap after
{Heap after GC invocations=29 (full 0):
 garbage-first heap   total 269312K, used 127780K [0x0000000080000000, 0x0000000100000000)
  region size 1024K, 10 young (10240K), 10 survivors (10240K)
 Metaspace       used 103052K, capacity 105563K, committed 105856K, reserved 1140736K
  class space    used 12871K, capacity 13858K, committed 13952K, reserved 1048576K
}
Event: 1674.022 GC heap before
{Heap before GC invocations=29 (full 0):
 garbage-first heap   total 269312K, used 218916K [0x0000000080000000, 0x0000000100000000)
  region size 1024K, 100 young (102400K), 10 survivors (10240K)
 Metaspace       used 106035K, capacity 109077K, committed 109184K, reserved 1144832K
  class space    used 13315K, capacity 14431K, committed 14464K, reserved 1048576K
}
Event: 1674.025 GC heap after
{Heap after GC invocations=30 (full 0):
 garbage-first heap   total 269312K, used 127054K [0x0000000080000000, 0x0000000100000000)
  region size 1024K, 7 young (7168K), 7 survivors (7168K)
 Metaspace       used 106035K, capacity 109077K, committed 109184K, reserved 1144832K
  class space    used 13315K, capacity 14431K, committed 14464K, reserved 1048576K
}
Event: 1675.469 GC heap before
{Heap before GC invocations=30 (full 0):
 garbage-first heap   total 269312K, used 218190K [0x0000000080000000, 0x0000000100000000)
  region size 1024K, 97 young (99328K), 7 survivors (7168K)
 Metaspace       used 107458K, capacity 110612K, committed 110720K, reserved 1144832K
  class space    used 13456K, capacity 14617K, committed 14720K, reserved 1048576K
}
Event: 1675.474 GC heap after
{Heap after GC invocations=31 (full 0):
 garbage-first heap   total 269312K, used 135137K [0x0000000080000000, 0x0000000100000000)
  region size 1024K, 13 young (13312K), 13 survivors (13312K)
 Metaspace       used 107458K, capacity 110612K, committed 110720K, reserved 1144832K
  class space    used 13456K, capacity 14617K, committed 14720K, reserved 1048576K
}
Event: 1680.196 GC heap before
{Heap before GC invocations=31 (full 0):
 garbage-first heap   total 269312K, used 220128K [0x0000000080000000, 0x0000000100000000)
  region size 1024K, 97 young (99328K), 13 survivors (13312K)
 Metaspace       used 109724K, capacity 113003K, committed 113280K, reserved 1148928K
  class space    used 13772K, capacity 14947K, committed 14976K, reserved 1048576K
}
Event: 1680.208 GC heap after
{Heap after GC invocations=32 (full 0):
 garbage-first heap   total 269312K, used 139002K [0x0000000080000000, 0x0000000100000000)
  region size 1024K, 4 young (4096K), 4 survivors (4096K)
 Metaspace       used 109724K, capacity 113003K, committed 113280K, reserved 1148928K
  class space    used 13772K, capacity 14947K, committed 14976K, reserved 1048576K
}

