# JRE version: OpenJDK Runtime Environment (11.0.11+9) (build 11.0.11+9-b60-7590822)
# Java VM: OpenJDK 64-Bit Server VM (11.0.11+9-b60-7590822, mixed mode, tiered, compressed oops, g1 gc, windows-amd64)
Heap:
 garbage-first heap   total 349184K, used 251170K [0x0000000080000000, 0x0000000100000000)
  region size 1024K, 16 young (16384K), 15 survivors (15360K)
 Metaspace       used 97753K, capacity 100439K, committed 100604K, reserved 1136640K
  class space    used 12595K, capacity 13654K, committed 13696K, reserved 1048576K
GC Heap History (20 events):
Event: 2.632 GC heap before
{Heap before GC invocations=6 (full 0):
 garbage-first heap   total 262144K, used 153287K [0x0000000080000000, 0x0000000100000000)
  region size 1024K, 131 young (134144K), 6 survivors (6144K)
 Metaspace       used 45530K, capacity 46563K, committed 46844K, reserved 1089536K
  class space    used 5831K, capacity 6242K, committed 6272K, reserved 1048576K
}
Event: 2.636 GC heap after
{Heap after GC invocations=7 (full 0):
 garbage-first heap   total 262144K, used 29419K [0x0000000080000000, 0x0000000100000000)
  region size 1024K, 13 young (13312K), 13 survivors (13312K)
 Metaspace       used 45530K, capacity 46563K, committed 46844K, reserved 1089536K
  class space    used 5831K, capacity 6242K, committed 6272K, reserved 1048576K
}
Event: 3.276 GC heap before
{Heap before GC invocations=7 (full 0):
 garbage-first heap   total 262144K, used 178923K [0x0000000080000000, 0x0000000100000000)
  region size 1024K, 151 young (154624K), 13 survivors (13312K)
 Metaspace       used 53290K, capacity 54667K, committed 54780K, reserved 1097728K
  class space    used 6748K, capacity 7274K, committed 7296K, reserved 1048576K
}
Event: 3.282 GC heap after
{Heap after GC invocations=8 (full 0):
 garbage-first heap   total 262144K, used 50727K [0x0000000080000000, 0x0000000100000000)
  region size 1024K, 19 young (19456K), 19 survivors (19456K)
 Metaspace       used 53290K, capacity 54667K, committed 54780K, reserved 1097728K
  class space    used 6748K, capacity 7274K, committed 7296K, reserved 1048576K
}
Event: 3.524 GC heap before
{Heap before GC invocations=8 (full 0):
 garbage-first heap   total 262144K, used 84519K [0x0000000080000000, 0x0000000100000000)
  region size 1024K, 53 young (54272K), 19 survivors (19456K)
 Metaspace       used 58346K, capacity 59772K, committed 59900K, reserved 1101824K
  class space    used 7376K, capacity 7947K, committed 8064K, reserved 1048576K
}
Event: 3.535 GC heap after
{Heap after GC invocations=9 (full 0):
 garbage-first heap   total 262144K, used 53579K [0x0000000080000000, 0x0000000100000000)
  region size 1024K, 4 young (4096K), 4 survivors (4096K)
 Metaspace       used 58346K, capacity 59772K, committed 59900K, reserved 1101824K
  class space    used 7376K, capacity 7947K, committed 8064K, reserved 1048576K
}
Event: 4.169 GC heap before
{Heap before GC invocations=10 (full 0):
 garbage-first heap   total 262144K, used 164171K [0x0000000080000000, 0x0000000100000000)
  region size 1024K, 112 young (114688K), 4 survivors (4096K)
 Metaspace       used 67715K, capacity 69116K, committed 69244K, reserved 1110016K
  class space    used 8553K, capacity 9104K, committed 9216K, reserved 1048576K
}
Event: 4.176 GC heap after
{Heap after GC invocations=11 (full 0):
 garbage-first heap   total 262144K, used 59577K [0x0000000080000000, 0x0000000100000000)
  region size 1024K, 10 young (10240K), 10 survivors (10240K)
 Metaspace       used 67715K, capacity 69116K, committed 69244K, reserved 1110016K
  class space    used 8553K, capacity 9104K, committed 9216K, reserved 1048576K
}
Event: 4.888 GC heap before
{Heap before GC invocations=12 (full 0):
 garbage-first heap   total 262144K, used 173241K [0x0000000080000000, 0x0000000100000000)
  region size 1024K, 121 young (123904K), 10 survivors (10240K)
 Metaspace       used 77588K, capacity 79267K, committed 79356K, reserved 1118208K
  class space    used 9940K, capacity 10598K, committed 10624K, reserved 1048576K
}
Event: 4.893 GC heap after
{Heap after GC invocations=13 (full 0):
 garbage-first heap   total 262144K, used 67490K [0x0000000080000000, 0x0000000100000000)
  region size 1024K, 16 young (16384K), 16 survivors (16384K)
 Metaspace       used 77588K, capacity 79267K, committed 79356K, reserved 1118208K
  class space    used 9940K, capacity 10598K, committed 10624K, reserved 1048576K
}
Event: 5.609 GC heap before
{Heap before GC invocations=13 (full 0):
 garbage-first heap   total 262144K, used 183202K [0x0000000080000000, 0x0000000100000000)
  region size 1024K, 129 young (132096K), 16 survivors (16384K)
 Metaspace       used 86132K, capacity 88319K, committed 88572K, reserved 1126400K
  class space    used 11192K, capacity 12044K, committed 12160K, reserved 1048576K
}
Event: 5.617 GC heap after
{Heap after GC invocations=14 (full 0):
 garbage-first heap   total 262144K, used 75206K [0x0000000080000000, 0x0000000100000000)
  region size 1024K, 16 young (16384K), 16 survivors (16384K)
 Metaspace       used 86132K, capacity 88319K, committed 88572K, reserved 1126400K
  class space    used 11192K, capacity 12044K, committed 12160K, reserved 1048576K
}
Event: 5.951 GC heap before
{Heap before GC invocations=14 (full 0):
 garbage-first heap   total 262144K, used 188870K [0x0000000080000000, 0x0000000100000000)
  region size 1024K, 128 young (131072K), 16 survivors (16384K)
 Metaspace       used 88043K, capacity 90569K, committed 90748K, reserved 1128448K
  class space    used 11483K, capacity 12454K, committed 12544K, reserved 1048576K
}
Event: 5.959 GC heap after
{Heap after GC invocations=15 (full 0):
 garbage-first heap   total 262144K, used 83614K [0x0000000080000000, 0x0000000100000000)
  region size 1024K, 16 young (16384K), 16 survivors (16384K)
 Metaspace       used 88043K, capacity 90569K, committed 90748K, reserved 1128448K
  class space    used 11483K, capacity 12454K, committed 12544K, reserved 1048576K
}
Event: 6.344 GC heap before
{Heap before GC invocations=15 (full 0):
 garbage-first heap   total 262144K, used 196254K [0x0000000080000000, 0x0000000100000000)
  region size 1024K, 127 young (130048K), 16 survivors (16384K)
 Metaspace       used 91181K, capacity 93762K, committed 93948K, reserved 1130496K
  class space    used 11898K, capacity 12882K, committed 12928K, reserved 1048576K
}
Event: 6.350 GC heap after
{Heap after GC invocations=16 (full 0):
 garbage-first heap   total 262144K, used 89716K [0x0000000080000000, 0x0000000100000000)
  region size 1024K, 14 young (14336K), 14 survivors (14336K)
 Metaspace       used 91181K, capacity 93762K, committed 93948K, reserved 1130496K
  class space    used 11898K, capacity 12882K, committed 12928K, reserved 1048576K
}
Event: 6.804 GC heap before
{Heap before GC invocations=16 (full 0):
 garbage-first heap   total 262144K, used 201332K [0x0000000080000000, 0x0000000100000000)
  region size 1024K, 124 young (126976K), 14 survivors (14336K)
 Metaspace       used 94601K, capacity 97118K, committed 97404K, reserved 1134592K
  class space    used 12253K, capacity 13227K, committed 13312K, reserved 1048576K
}
Event: 6.811 GC heap after
{Heap after GC invocations=17 (full 0):
 garbage-first heap   total 262144K, used 97610K [0x0000000080000000, 0x0000000100000000)
  region size 1024K, 14 young (14336K), 14 survivors (14336K)
 Metaspace       used 94601K, capacity 97118K, committed 97404K, reserved 1134592K
  class space    used 12253K, capacity 13227K, committed 13312K, reserved 1048576K
}
Event: 7.308 GC heap before
{Heap before GC invocations=17 (full 0):
 garbage-first heap   total 262144K, used 214346K [0x0000000080000000, 0x0000000100000000)
  region size 1024K, 115 young (117760K), 14 survivors (14336K)
 Metaspace       used 97729K, capacity 100433K, committed 100604K, reserved 1136640K
  class space    used 12589K, capacity 13652K, committed 13696K, reserved 1048576K
}
Event: 7.315 GC heap after
{Heap after GC invocations=18 (full 0):
 garbage-first heap   total 262144K, used 120098K [0x0000000080000000, 0x0000000100000000)
  region size 1024K, 15 young (15360K), 15 survivors (15360K)
 Metaspace       used 97729K, capacity 100433K, committed 100604K, reserved 1136640K
  class space    used 12589K, capacity 13652K, committed 13696K, reserved 1048576K
}

